INFO - 2023-11-22 18:08:21 --> Session: Class initialized using 'CodeIgniter\Session\Handlers\FileHandler' driver.
INFO - 2023-11-22 18:08:22 --> Session: Class initialized using 'CodeIgniter\Session\Handlers\FileHandler' driver.
INFO - 2023-11-22 18:08:24 --> Session: Class initialized using 'CodeIgniter\Session\Handlers\FileHandler' driver.
ERROR - 2023-11-22 18:08:25 --> ErrorException: pg_query(): Query failed: ERROR:  could not access file &quot;$libdir/postgis-3&quot;: No such file or directory in D:\Program Files\xampp\htdocs\jelataku\system\Database\Postgre\Connection.php:152
Stack trace:
#0 [internal function]: CodeIgniter\Debug\Exceptions->errorHandler(2, 'pg_query(): Que...', 'D:\\Program File...', 152)
#1 D:\Program Files\xampp\htdocs\jelataku\system\Database\Postgre\Connection.php(152): pg_query(Object(PgSql\Connection), 'SELECT *\nFROM "...')
#2 D:\Program Files\xampp\htdocs\jelataku\system\Database\BaseConnection.php(692): CodeIgniter\Database\Postgre\Connection->execute('SELECT *\nFROM "...')
#3 D:\Program Files\xampp\htdocs\jelataku\system\Database\BaseConnection.php(606): CodeIgniter\Database\BaseConnection->simpleQuery('SELECT *\nFROM "...')
#4 D:\Program Files\xampp\htdocs\jelataku\system\Database\BaseBuilder.php(1616): CodeIgniter\Database\BaseConnection->query('SELECT *\nFROM "...', Array, false)
#5 D:\Program Files\xampp\htdocs\jelataku\system\Model.php(241): CodeIgniter\Database\BaseBuilder->get()
#6 D:\Program Files\xampp\htdocs\jelataku\system\BaseModel.php(618): CodeIgniter\Model->doFindAll(0, 0)
#7 D:\Program Files\xampp\htdocs\jelataku\app\Controllers\Api.php(23): CodeIgniter\BaseModel->findAll()
#8 D:\Program Files\xampp\htdocs\jelataku\system\CodeIgniter.php(934): App\Controllers\Api->index()
#9 D:\Program Files\xampp\htdocs\jelataku\system\CodeIgniter.php(499): CodeIgniter\CodeIgniter->runController(Object(App\Controllers\Api))
#10 D:\Program Files\xampp\htdocs\jelataku\system\CodeIgniter.php(368): CodeIgniter\CodeIgniter->handleRequest(NULL, Object(Config\Cache), false)
#11 D:\Program Files\xampp\htdocs\jelataku\public\index.php(67): CodeIgniter\CodeIgniter->run()
#12 {main}
INFO - 2023-11-22 18:08:25 --> Session: Class initialized using 'CodeIgniter\Session\Handlers\FileHandler' driver.
CRITICAL - 2023-11-22 18:08:25 --> pg_query(): Query failed: ERROR:  could not access file &quot;$libdir/postgis-3&quot;: No such file or directory
in SYSTEMPATH\Database\Postgre\Connection.php on line 152.
 1 [internal function]: CodeIgniter\Debug\Exceptions->errorHandler(2, 'pg_query(): Query failed: ERROR:  could not access file &quot;$libdir/postgis-3&quot;: No such file or directory', 'D:\\Program Files\\xampp\\htdocs\\jelataku\\system\\Database\\Postgre\\Connection.php', 152)
 2 SYSTEMPATH\Database\Postgre\Connection.php(152): pg_query(Object(PgSql\Connection), 'SELECT *
FROM "wisata-geo"')
 3 SYSTEMPATH\Database\BaseConnection.php(692): CodeIgniter\Database\Postgre\Connection->execute('SELECT *
FROM "wisata-geo"')
 4 SYSTEMPATH\Database\BaseConnection.php(606): CodeIgniter\Database\BaseConnection->simpleQuery('SELECT *
FROM "wisata-geo"')
 5 SYSTEMPATH\Database\BaseBuilder.php(1616): CodeIgniter\Database\BaseConnection->query('SELECT *
FROM "wisata-geo"', [], false)
 6 SYSTEMPATH\Model.php(241): CodeIgniter\Database\BaseBuilder->get()
 7 SYSTEMPATH\BaseModel.php(618): CodeIgniter\Model->doFindAll(0, 0)
 8 APPPATH\Controllers\Api.php(23): CodeIgniter\BaseModel->findAll()
 9 SYSTEMPATH\CodeIgniter.php(934): App\Controllers\Api->index()
10 SYSTEMPATH\CodeIgniter.php(499): CodeIgniter\CodeIgniter->runController(Object(App\Controllers\Api))
11 SYSTEMPATH\CodeIgniter.php(368): CodeIgniter\CodeIgniter->handleRequest(null, Object(Config\Cache), false)
12 FCPATH\index.php(67): CodeIgniter\CodeIgniter->run()
ERROR - 2023-11-22 18:08:25 --> ErrorException: pg_query(): Query failed: ERROR:  could not access file &quot;$libdir/postgis-3&quot;: No such file or directory in D:\Program Files\xampp\htdocs\jelataku\system\Database\Postgre\Connection.php:152
Stack trace:
#0 [internal function]: CodeIgniter\Debug\Exceptions->errorHandler(2, 'pg_query(): Que...', 'D:\\Program File...', 152)
#1 D:\Program Files\xampp\htdocs\jelataku\system\Database\Postgre\Connection.php(152): pg_query(Object(PgSql\Connection), 'SELECT gid, ST_...')
#2 D:\Program Files\xampp\htdocs\jelataku\system\Database\BaseConnection.php(692): CodeIgniter\Database\Postgre\Connection->execute('SELECT gid, ST_...')
#3 D:\Program Files\xampp\htdocs\jelataku\system\Database\BaseConnection.php(606): CodeIgniter\Database\BaseConnection->simpleQuery('SELECT gid, ST_...')
#4 D:\Program Files\xampp\htdocs\jelataku\app\Controllers\Api.php(87): CodeIgniter\Database\BaseConnection->query('SELECT gid, ST_...')
#5 D:\Program Files\xampp\htdocs\jelataku\system\CodeIgniter.php(934): App\Controllers\Api->polygon()
#6 D:\Program Files\xampp\htdocs\jelataku\system\CodeIgniter.php(499): CodeIgniter\CodeIgniter->runController(Object(App\Controllers\Api))
#7 D:\Program Files\xampp\htdocs\jelataku\system\CodeIgniter.php(368): CodeIgniter\CodeIgniter->handleRequest(NULL, Object(Config\Cache), false)
#8 D:\Program Files\xampp\htdocs\jelataku\public\index.php(67): CodeIgniter\CodeIgniter->run()
#9 {main}
CRITICAL - 2023-11-22 18:08:25 --> pg_query(): Query failed: ERROR:  could not access file &quot;$libdir/postgis-3&quot;: No such file or directory
in SYSTEMPATH\Database\Postgre\Connection.php on line 152.
 1 [internal function]: CodeIgniter\Debug\Exceptions->errorHandler(2, 'pg_query(): Query failed: ERROR:  could not access file &quot;$libdir/postgis-3&quot;: No such file or directory', 'D:\\Program Files\\xampp\\htdocs\\jelataku\\system\\Database\\Postgre\\Connection.php', 152)
 2 SYSTEMPATH\Database\Postgre\Connection.php(152): pg_query(Object(PgSql\Connection), 'SELECT gid, ST_AsGeoJSON(geom) AS geom, name_2, name_3, type_3 FROM kp')
 3 SYSTEMPATH\Database\BaseConnection.php(692): CodeIgniter\Database\Postgre\Connection->execute('SELECT gid, ST_AsGeoJSON(geom) AS geom, name_2, name_3, type_3 FROM kp')
 4 SYSTEMPATH\Database\BaseConnection.php(606): CodeIgniter\Database\BaseConnection->simpleQuery('SELECT gid, ST_AsGeoJSON(geom) AS geom, name_2, name_3, type_3 FROM kp')
 5 APPPATH\Controllers\Api.php(87): CodeIgniter\Database\BaseConnection->query('SELECT gid, ST_AsGeoJSON(geom) AS geom, name_2, name_3, type_3 FROM kp')
 6 SYSTEMPATH\CodeIgniter.php(934): App\Controllers\Api->polygon()
 7 SYSTEMPATH\CodeIgniter.php(499): CodeIgniter\CodeIgniter->runController(Object(App\Controllers\Api))
 8 SYSTEMPATH\CodeIgniter.php(368): CodeIgniter\CodeIgniter->handleRequest(null, Object(Config\Cache), false)
 9 FCPATH\index.php(67): CodeIgniter\CodeIgniter->run()
ERROR - 2023-11-22 18:08:27 --> ErrorException: pg_query(): Query failed: ERROR:  could not access file &quot;$libdir/postgis-3&quot;: No such file or directory in D:\Program Files\xampp\htdocs\jelataku\system\Database\Postgre\Connection.php:152
Stack trace:
#0 [internal function]: CodeIgniter\Debug\Exceptions->errorHandler(2, 'pg_query(): Que...', 'D:\\Program File...', 152)
#1 D:\Program Files\xampp\htdocs\jelataku\system\Database\Postgre\Connection.php(152): pg_query(Object(PgSql\Connection), 'SELECT *\nFROM "...')
#2 D:\Program Files\xampp\htdocs\jelataku\system\Database\BaseConnection.php(692): CodeIgniter\Database\Postgre\Connection->execute('SELECT *\nFROM "...')
#3 D:\Program Files\xampp\htdocs\jelataku\system\Database\BaseConnection.php(606): CodeIgniter\Database\BaseConnection->simpleQuery('SELECT *\nFROM "...')
#4 D:\Program Files\xampp\htdocs\jelataku\system\Database\BaseBuilder.php(1616): CodeIgniter\Database\BaseConnection->query('SELECT *\nFROM "...', Array, false)
#5 D:\Program Files\xampp\htdocs\jelataku\system\Model.php(241): CodeIgniter\Database\BaseBuilder->get()
#6 D:\Program Files\xampp\htdocs\jelataku\system\BaseModel.php(618): CodeIgniter\Model->doFindAll(0, 0)
#7 D:\Program Files\xampp\htdocs\jelataku\app\Controllers\Home.php(26): CodeIgniter\BaseModel->findAll()
#8 D:\Program Files\xampp\htdocs\jelataku\system\CodeIgniter.php(934): App\Controllers\Home->tabel()
#9 D:\Program Files\xampp\htdocs\jelataku\system\CodeIgniter.php(499): CodeIgniter\CodeIgniter->runController(Object(App\Controllers\Home))
#10 D:\Program Files\xampp\htdocs\jelataku\system\CodeIgniter.php(368): CodeIgniter\CodeIgniter->handleRequest(NULL, Object(Config\Cache), false)
#11 D:\Program Files\xampp\htdocs\jelataku\public\index.php(67): CodeIgniter\CodeIgniter->run()
#12 {main}
CRITICAL - 2023-11-22 18:08:27 --> pg_query(): Query failed: ERROR:  could not access file &quot;$libdir/postgis-3&quot;: No such file or directory
in SYSTEMPATH\Database\Postgre\Connection.php on line 152.
 1 [internal function]: CodeIgniter\Debug\Exceptions->errorHandler(2, 'pg_query(): Query failed: ERROR:  could not access file &quot;$libdir/postgis-3&quot;: No such file or directory', 'D:\\Program Files\\xampp\\htdocs\\jelataku\\system\\Database\\Postgre\\Connection.php', 152)
 2 SYSTEMPATH\Database\Postgre\Connection.php(152): pg_query(Object(PgSql\Connection), 'SELECT *
FROM "wisata-geo"')
 3 SYSTEMPATH\Database\BaseConnection.php(692): CodeIgniter\Database\Postgre\Connection->execute('SELECT *
FROM "wisata-geo"')
 4 SYSTEMPATH\Database\BaseConnection.php(606): CodeIgniter\Database\BaseConnection->simpleQuery('SELECT *
FROM "wisata-geo"')
 5 SYSTEMPATH\Database\BaseBuilder.php(1616): CodeIgniter\Database\BaseConnection->query('SELECT *
FROM "wisata-geo"', [], false)
 6 SYSTEMPATH\Model.php(241): CodeIgniter\Database\BaseBuilder->get()
 7 SYSTEMPATH\BaseModel.php(618): CodeIgniter\Model->doFindAll(0, 0)
 8 APPPATH\Controllers\Home.php(26): CodeIgniter\BaseModel->findAll()
 9 SYSTEMPATH\CodeIgniter.php(934): App\Controllers\Home->tabel()
10 SYSTEMPATH\CodeIgniter.php(499): CodeIgniter\CodeIgniter->runController(Object(App\Controllers\Home))
11 SYSTEMPATH\CodeIgniter.php(368): CodeIgniter\CodeIgniter->handleRequest(null, Object(Config\Cache), false)
12 FCPATH\index.php(67): CodeIgniter\CodeIgniter->run()
INFO - 2023-11-22 18:08:38 --> Session: Class initialized using 'CodeIgniter\Session\Handlers\FileHandler' driver.
INFO - 2023-11-22 18:08:38 --> Session: Class initialized using 'CodeIgniter\Session\Handlers\FileHandler' driver.
INFO - 2023-11-22 18:09:48 --> Session: Class initialized using 'CodeIgniter\Session\Handlers\FileHandler' driver.
INFO - 2023-11-22 18:09:49 --> Session: Class initialized using 'CodeIgniter\Session\Handlers\FileHandler' driver.
INFO - 2023-11-22 18:10:26 --> Session: Class initialized using 'CodeIgniter\Session\Handlers\FileHandler' driver.
INFO - 2023-11-22 18:10:26 --> Session: Class initialized using 'CodeIgniter\Session\Handlers\FileHandler' driver.
INFO - 2023-11-22 20:35:06 --> Session: Class initialized using 'CodeIgniter\Session\Handlers\FileHandler' driver.
INFO - 2023-11-22 20:35:06 --> Session: Class initialized using 'CodeIgniter\Session\Handlers\FileHandler' driver.
INFO - 2023-11-22 20:37:45 --> Session: Class initialized using 'CodeIgniter\Session\Handlers\FileHandler' driver.
INFO - 2023-11-22 20:37:46 --> Session: Class initialized using 'CodeIgniter\Session\Handlers\FileHandler' driver.
INFO - 2023-11-22 20:37:47 --> Session: Class initialized using 'CodeIgniter\Session\Handlers\FileHandler' driver.
INFO - 2023-11-22 20:37:47 --> Session: Class initialized using 'CodeIgniter\Session\Handlers\FileHandler' driver.
INFO - 2023-11-22 20:37:47 --> Session: Class initialized using 'CodeIgniter\Session\Handlers\FileHandler' driver.
INFO - 2023-11-22 20:37:48 --> Session: Class initialized using 'CodeIgniter\Session\Handlers\FileHandler' driver.
INFO - 2023-11-22 20:38:01 --> Session: Class initialized using 'CodeIgniter\Session\Handlers\FileHandler' driver.
INFO - 2023-11-22 20:38:01 --> Session: Class initialized using 'CodeIgniter\Session\Handlers\FileHandler' driver.
INFO - 2023-11-22 20:38:09 --> Session: Class initialized using 'CodeIgniter\Session\Handlers\FileHandler' driver.
INFO - 2023-11-22 20:38:09 --> Session: Class initialized using 'CodeIgniter\Session\Handlers\FileHandler' driver.
INFO - 2023-11-22 20:38:09 --> Session: Class initialized using 'CodeIgniter\Session\Handlers\FileHandler' driver.
INFO - 2023-11-22 20:38:25 --> Session: Class initialized using 'CodeIgniter\Session\Handlers\FileHandler' driver.
INFO - 2023-11-22 20:38:25 --> Session: Class initialized using 'CodeIgniter\Session\Handlers\FileHandler' driver.
INFO - 2023-11-22 20:38:26 --> Session: Class initialized using 'CodeIgniter\Session\Handlers\FileHandler' driver.
INFO - 2023-11-22 20:38:31 --> Session: Class initialized using 'CodeIgniter\Session\Handlers\FileHandler' driver.
INFO - 2023-11-22 20:38:31 --> Session: Class initialized using 'CodeIgniter\Session\Handlers\FileHandler' driver.
INFO - 2023-11-22 20:38:31 --> Session: Class initialized using 'CodeIgniter\Session\Handlers\FileHandler' driver.
INFO - 2023-11-22 20:38:37 --> Session: Class initialized using 'CodeIgniter\Session\Handlers\FileHandler' driver.
INFO - 2023-11-22 20:38:37 --> Session: Class initialized using 'CodeIgniter\Session\Handlers\FileHandler' driver.
INFO - 2023-11-22 20:38:48 --> Session: Class initialized using 'CodeIgniter\Session\Handlers\FileHandler' driver.
INFO - 2023-11-22 20:38:56 --> Session: Class initialized using 'CodeIgniter\Session\Handlers\FileHandler' driver.
INFO - 2023-11-22 20:38:57 --> Session: Class initialized using 'CodeIgniter\Session\Handlers\FileHandler' driver.
INFO - 2023-11-22 20:38:58 --> Session: Class initialized using 'CodeIgniter\Session\Handlers\FileHandler' driver.
INFO - 2023-11-22 20:38:59 --> Session: Class initialized using 'CodeIgniter\Session\Handlers\FileHandler' driver.
INFO - 2023-11-22 20:39:01 --> Session: Class initialized using 'CodeIgniter\Session\Handlers\FileHandler' driver.
INFO - 2023-11-22 20:39:01 --> Session: Class initialized using 'CodeIgniter\Session\Handlers\FileHandler' driver.
INFO - 2023-11-22 20:39:04 --> Session: Class initialized using 'CodeIgniter\Session\Handlers\FileHandler' driver.
INFO - 2023-11-22 20:39:05 --> Session: Class initialized using 'CodeIgniter\Session\Handlers\FileHandler' driver.
INFO - 2023-11-22 20:39:06 --> Session: Class initialized using 'CodeIgniter\Session\Handlers\FileHandler' driver.
INFO - 2023-11-22 20:39:06 --> Session: Class initialized using 'CodeIgniter\Session\Handlers\FileHandler' driver.
INFO - 2023-11-22 20:39:10 --> Session: Class initialized using 'CodeIgniter\Session\Handlers\FileHandler' driver.
INFO - 2023-11-22 20:39:10 --> Session: Class initialized using 'CodeIgniter\Session\Handlers\FileHandler' driver.
INFO - 2023-11-22 20:39:14 --> Session: Class initialized using 'CodeIgniter\Session\Handlers\FileHandler' driver.
INFO - 2023-11-22 20:39:15 --> Session: Class initialized using 'CodeIgniter\Session\Handlers\FileHandler' driver.
INFO - 2023-11-22 20:40:30 --> Session: Class initialized using 'CodeIgniter\Session\Handlers\FileHandler' driver.
INFO - 2023-11-22 20:40:31 --> Session: Class initialized using 'CodeIgniter\Session\Handlers\FileHandler' driver.
